Arguments: 
  /usr/bin/node /home/cristoforus_darryl/.yarn/bin/yarn.js

PATH: 
  /home/cristoforus_darryl/.local/bin:/home/cristoforus_darryl/.yarn/bin:/home/cristoforus_darryl/.config/yarn/global/node_modules/.bin:/home/cristoforus_darryl/.local/bin:/usr/local/sbin:/usr/local/bin:/usr/sbin:/usr/bin:/sbin:/bin:/usr/games:/usr/local/games:/mnt/c/Program Files/AdoptOpenJDK/jdk-11.0.11.9-hotspot/bin:/mnt/c/windows/system32:/mnt/c/windows:/mnt/c/windows/System32/Wbem:/mnt/c/windows/System32/WindowsPowerShell/v1.0/:/mnt/c/windows/System32/OpenSSH/:/mnt/c/Program Files/WireGuard/:/mnt/c/Program Files/Kubernetes/Minikube:/mnt/c/Program Files/Graphviz/bin:/mnt/c/Program Files/nodejs/:/mnt/c/Program Files/Git/cmd:/mnt/c/Users/Cristoforus_D909/apache-maven-3.8.3/bin:/mnt/c/Program Files/Git/mingw64/bin/:/mnt/c/Program Files (x86)/GitExtensions/:/mnt/c/Program Files/Docker/Docker/resources/bin:/mnt/c/ProgramData/DockerDesktop/version-bin:/mnt/c/Users/Cristoforus_D909/.local/bin:/mnt/c/Users/Cristoforus_D909/AppData/Local/Microsoft/WindowsApps:/mnt/c/Users/Cristoforus_D909/AppData/Local/Programs/Microsoft VS Code/bin:/mnt/c/Users/Cristoforus_D909/AppData/Local/GitHubDesktop/bin:/mnt/c/Program Files/JetBrains/IntelliJ IDEA Community Edition 2021.2/bin:/mnt/c/Users/Cristoforus_D909/AppData/Roaming/gradle-6.4/bin:/mnt/c/Users/Cristoforus_D909/AppData/Roaming/npm:/mnt/c/Users/Cristoforus_D909/.local/bin:/mnt/c/Users/Cristoforus_D909/AppData/Local/Programs/Hyper/resources/bin:/snap/bin

Yarn version: 
  1.22.17

Node version: 
  14.17.6

Platform: 
  linux x64

Trace: 
  Error: EIO: i/o error, unlink '/mnt/c/Users/Cristoforus_D909/workspace/web-apps/ds.e/node_modules/deasync/bin/win32-x64-node-14/deasync.node'

npm manifest: 
  {
    "name": "@bw57/scss",
    "version": "1.0.0",
    "main": "index.js",
    "license": "MIT",
    "dependencies": {
      "normalize-scss": "^7.0.1"
    },
    "devDependencies": {
      "husky": "4.2.5",
      "lint-staged": "^12.1.4",
      "node-sass": "^7.0.0",
      "nodemon": "^2.0.15",
      "prettier": "^2.5.1",
      "stylelint": "^14.2.0",
      "stylelint-config-prettier": "^9.0.3",
      "stylelint-config-sass-guidelines": "^9.0.1",
      "stylelint-prettier": "^2.0.0"
    },
    "scripts": {
      "lint": "stylelint ./**/*.scss",
      "lint:fix": "yarn lint --fix",
      "build": "node src/scripts/build.js",
      "dev": "nodemon --watch src --exec yarn build -e scss"
    },
    "husky": {
      "hooks": {
        "pre-commit": "lint-staged"
      }
    },
    "lint-staged": {
      "*.scss": "yarn lint:fix"
    },
    "publishConfig": {
      "access": "public"
    },
    "gitHead": "71bdb08caba2d6057147b4a3997e883a04f94c6d"
  }

yarn manifest: 
  No manifest

Lockfile: 
  No lockfile
